{"E:\\WebStormProject\\mocha_test\\mocha\\app.js":{"path":"E:\\WebStormProject\\mocha_test\\mocha\\app.js","s":{"1":1,"2":1,"3":0,"4":0},"b":{},"f":{"1":0,"2":0},"fnMap":{"1":{"name":"add","line":6,"loc":{"start":{"line":6,"column":0},"end":{"line":6,"column":21}}},"2":{"name":"(anonymous_2)","line":7,"loc":{"start":{"line":7,"column":23},"end":{"line":7,"column":38}}}},"statementMap":{"1":{"start":{"line":4,"column":0},"end":{"line":4,"column":45}},"2":{"start":{"line":6,"column":0},"end":{"line":10,"column":1}},"3":{"start":{"line":7,"column":4},"end":{"line":9,"column":7}},"4":{"start":{"line":8,"column":8},"end":{"line":8,"column":19}}},"branchMap":{}}}